2023-02-16 21:07:26 INFO  Login_Test:16 - Starting the Execution
  2023-02-16 21:07:26 INFO  Keyword_Engine:39 - Starting the Execution
  2023-02-16 21:07:32 INFO  Base:22 - Starting the Execution
  2023-02-16 21:07:32 INFO  Base:23 - Start Execution
  2023-02-16 23:28:59 INFO  Login_Test:14 - Starting the Execution
  2023-02-16 23:28:59 INFO  Keyword_Engine:39 - Starting the Execution
  2023-02-16 23:29:04 INFO  Base:20 - Starting the Execution
  2023-02-16 23:29:04 INFO  Base:21 - Start Execution
  2023-02-17 01:17:39 INFO  Login_Test:14 - Starting the Execution
  2023-02-17 01:17:39 INFO  Keyword_Engine:39 - Starting the Execution
  2023-02-17 01:17:44 INFO  Base:20 - Starting the Execution
  2023-02-17 01:17:44 INFO  Base:21 - Start Execution
  2023-02-22 01:04:57 INFO  Login_Test:14 - Starting the Execution
  2023-02-22 01:04:57 INFO  Keyword_Engine:39 - Starting the Execution
  2023-02-22 01:05:02 INFO  Base:20 - Starting the Execution
  2023-02-22 01:05:02 INFO  Base:21 - Start Execution
  2023-02-24 00:13:32 INFO  Login_Test:14 - Starting the Execution
  2023-02-24 00:13:32 INFO  Keyword_Engine:39 - Starting the Execution
  2023-02-24 00:13:34 INFO  Base:20 - Starting the Execution
  2023-02-24 00:13:34 INFO  Base:21 - Start Execution
  2023-02-25 20:05:20 INFO  Login_Test:14 - Starting the Execution
  2023-02-25 20:05:20 INFO  Keyword_Engine:39 - Starting the Execution
  2023-02-25 20:05:22 INFO  Base:20 - Starting the Execution
  2023-02-25 20:05:22 INFO  Base:21 - Start Execution
  